<?xml version="1.0" encoding="UTF-8"?>
<!-- Generated by org.testng.reporters.JUnitReportReporter -->
<testsuite hostname="DESKTOP-OA7C79N" failures="0" tests="1" name="TestCases.TestCase1" time="13.662" errors="0" timestamp="2022-03-28T13:19:27 UYT" skipped="0">
  <testcase classname="TestCases.TestCase1" name="CreateListSearch" time="13.662"/>
  <system-out/>
</testsuite> <!-- TestCases.TestCase1 -->
